2023-05-17 18:05:547 INFO  HomePage :27 - Mouse hover to buy + sell tab
2023-05-17 18:05:877 INFO  HomePage :31 - click on search cars link
2023-05-17 18:05:233 INFO  NewAndUsedCarSearchPage :36 - Select option from make drop down
2023-05-17 18:05:449 INFO  HomePage :27 - Mouse hover to buy + sell tab
2023-05-17 18:05:487 INFO  HomePage :31 - click on search cars link
2023-05-17 18:05:667 INFO  NewAndUsedCarSearchPage :36 - Select option from make drop down
2023-05-17 18:05:888 INFO  NewAndUsedCarSearchPage :40 - Select option from model drop down
2023-05-17 18:05:250 INFO  HomePage :27 - Mouse hover to buy + sell tab
2023-05-17 18:05:477 INFO  HomePage :31 - click on search cars link
2023-05-17 18:05:836 INFO  NewAndUsedCarSearchPage :36 - Select option from make drop down
2023-05-17 18:05:164 INFO  NewAndUsedCarSearchPage :40 - Select option from model drop down
2023-05-17 18:05:153 INFO  HomePage :27 - Mouse hover to buy + sell tab
2023-05-17 18:05:513 INFO  HomePage :31 - click on search cars link
2023-05-17 18:05:170 INFO  NewAndUsedCarSearchPage :36 - Select option from make drop down
2023-05-17 18:05:588 INFO  NewAndUsedCarSearchPage :40 - Select option from model drop down
2023-05-17 18:05:257 INFO  HomePage :27 - Mouse hover to buy + sell tab
2023-05-17 18:05:470 INFO  HomePage :31 - click on search cars link
2023-05-17 18:05:846 INFO  NewAndUsedCarSearchPage :36 - Select option from make drop down
2023-05-17 18:05:63 INFO  NewAndUsedCarSearchPage :40 - Select option from model drop down
2023-05-17 18:05:363 INFO  HomePage :27 - Mouse hover to buy + sell tab
2023-05-17 18:05:768 INFO  HomePage :31 - click on search cars link
2023-05-17 18:05:309 INFO  NewAndUsedCarSearchPage :36 - Select option from make drop down
2023-05-17 18:05:558 INFO  NewAndUsedCarSearchPage :40 - Select option from model drop down
2023-05-17 18:05:109 INFO  HomePage :27 - Mouse hover to buy + sell tab
2023-05-17 18:05:853 INFO  HomePage :31 - click on search cars link
2023-05-17 18:05:391 INFO  NewAndUsedCarSearchPage :36 - Select option from make drop down
2023-05-17 18:05:661 INFO  NewAndUsedCarSearchPage :40 - Select option from model drop down
2023-05-18 09:05:494 INFO  HomePage :27 - Mouse hover to buy + sell tab
2023-05-18 09:05:494 INFO  HomePage :31 - click on search cars link
2023-05-18 09:05:842 INFO  NewAndUsedCarSearchPage :36 - Select option from make drop down
2023-05-18 09:05:381 INFO  HomePage :27 - Mouse hover to buy + sell tab
2023-05-18 09:05:353 INFO  HomePage :31 - click on search cars link
2023-05-18 09:05:66 INFO  NewAndUsedCarSearchPage :36 - Select option from make drop down
2023-05-18 09:05:224 INFO  NewAndUsedCarSearchPage :40 - Select option from model drop down
2023-05-18 09:05:43 INFO  HomePage :27 - Mouse hover to buy + sell tab
2023-05-18 09:05:895 INFO  HomePage :31 - click on search cars link
2023-05-18 09:05:502 INFO  NewAndUsedCarSearchPage :36 - Select option from make drop down
2023-05-18 09:05:693 INFO  NewAndUsedCarSearchPage :40 - Select option from model drop down
2023-05-18 09:05:915 INFO  HomePage :27 - Mouse hover to buy + sell tab
2023-05-18 09:05:195 INFO  HomePage :31 - click on search cars link
2023-05-18 09:05:448 INFO  NewAndUsedCarSearchPage :36 - Select option from make drop down
2023-05-18 09:05:715 INFO  NewAndUsedCarSearchPage :40 - Select option from model drop down
2023-05-18 09:05:433 INFO  HomePage :27 - Mouse hover to buy + sell tab
2023-05-18 09:05:156 INFO  HomePage :31 - click on search cars link
2023-05-18 09:05:366 INFO  NewAndUsedCarSearchPage :36 - Select option from make drop down
2023-05-18 09:05:22 INFO  NewAndUsedCarSearchPage :40 - Select option from model drop down
2023-05-18 09:05:607 INFO  HomePage :27 - Mouse hover to buy + sell tab
2023-05-18 09:05:842 INFO  HomePage :31 - click on search cars link
2023-05-18 09:05:390 INFO  NewAndUsedCarSearchPage :36 - Select option from make drop down
2023-05-18 09:05:714 INFO  NewAndUsedCarSearchPage :40 - Select option from model drop down
2023-05-18 09:05:944 INFO  HomePage :27 - Mouse hover to buy + sell tab
2023-05-18 09:05:376 INFO  HomePage :31 - click on search cars link
2023-05-18 09:05:549 INFO  NewAndUsedCarSearchPage :36 - Select option from make drop down
2023-05-18 09:05:60 INFO  NewAndUsedCarSearchPage :40 - Select option from model drop down
2023-05-18 09:05:497 INFO  HomePage :27 - Mouse hover to buy + sell tab
2023-05-18 09:05:577 INFO  HomePage :31 - click on search cars link
2023-05-18 09:05:206 INFO  NewAndUsedCarSearchPage :36 - Select option from make drop down
2023-05-18 09:05:08 INFO  HomePage :27 - Mouse hover to buy + sell tab
2023-05-18 09:05:433 INFO  HomePage :31 - click on search cars link
2023-05-18 09:05:220 INFO  NewAndUsedCarSearchPage :36 - Select option from make drop down
2023-05-18 09:05:751 INFO  HomePage :27 - Mouse hover to buy + sell tab
2023-05-18 09:05:170 INFO  HomePage :31 - click on search cars link
2023-05-18 09:05:810 INFO  NewAndUsedCarSearchPage :36 - Select option from make drop down
2023-05-18 09:05:596 INFO  NewAndUsedCarSearchPage :40 - Select option from model drop down
2023-05-18 09:05:114 INFO  HomePage :27 - Mouse hover to buy + sell tab
2023-05-18 09:05:524 INFO  HomePage :31 - click on search cars link
2023-05-18 09:05:820 INFO  NewAndUsedCarSearchPage :36 - Select option from make drop down
2023-05-18 09:05:183 INFO  NewAndUsedCarSearchPage :40 - Select option from model drop down
2023-05-18 09:05:333 INFO  NewAndUsedCarSearchPage :44 - Select option from location drop down
2023-05-18 09:05:534 INFO  HomePage :27 - Mouse hover to buy + sell tab
2023-05-18 09:05:886 INFO  HomePage :31 - click on search cars link
2023-05-18 09:05:221 INFO  NewAndUsedCarSearchPage :36 - Select option from make drop down
2023-05-18 09:05:188 INFO  NewAndUsedCarSearchPage :40 - Select option from model drop down
2023-05-18 09:05:564 INFO  NewAndUsedCarSearchPage :44 - Select option from location drop down
2023-05-18 09:05:277 INFO  HomePage :27 - Mouse hover to buy + sell tab
2023-05-18 09:05:513 INFO  HomePage :31 - click on search cars link
2023-05-18 09:05:548 INFO  NewAndUsedCarSearchPage :36 - Select option from make drop down
2023-05-18 09:05:979 INFO  NewAndUsedCarSearchPage :40 - Select option from model drop down
2023-05-18 09:05:168 INFO  NewAndUsedCarSearchPage :44 - Select option from location drop down
2023-05-18 09:05:72 INFO  HomePage :27 - Mouse hover to buy + sell tab
2023-05-18 09:05:877 INFO  HomePage :31 - click on search cars link
2023-05-18 09:05:17 INFO  NewAndUsedCarSearchPage :36 - Select option from make drop down
2023-05-18 09:05:440 INFO  NewAndUsedCarSearchPage :40 - Select option from model drop down
2023-05-18 09:05:607 INFO  NewAndUsedCarSearchPage :44 - Select option from location drop down
2023-05-18 09:05:987 INFO  HomePage :27 - Mouse hover to buy + sell tab
2023-05-18 09:05:360 INFO  HomePage :31 - click on search cars link
2023-05-18 09:05:289 INFO  HomePage :27 - Mouse hover to buy + sell tab
2023-05-18 09:05:564 INFO  HomePage :31 - click on search cars link
2023-05-18 09:05:907 INFO  NewAndUsedCarSearchPage :36 - Select option from make drop down
2023-05-18 09:05:937 INFO  NewAndUsedCarSearchPage :40 - Select option from model drop down
2023-05-18 09:05:58 INFO  NewAndUsedCarSearchPage :44 - Select option from location drop down
2023-05-18 09:05:737 INFO  HomePage :27 - Mouse hover to buy + sell tab
2023-05-18 09:05:619 INFO  HomePage :31 - click on search cars link
2023-05-18 09:05:13 INFO  NewAndUsedCarSearchPage :36 - Select option from make drop down
2023-05-18 09:05:234 INFO  NewAndUsedCarSearchPage :40 - Select option from model drop down
2023-05-18 09:05:381 INFO  NewAndUsedCarSearchPage :44 - Select option from location drop down
2023-05-18 09:05:524 INFO  HomePage :27 - Mouse hover to buy + sell tab
2023-05-18 09:05:800 INFO  HomePage :31 - click on search cars link
2023-05-18 09:05:127 INFO  NewAndUsedCarSearchPage :36 - Select option from make drop down
2023-05-18 09:05:331 INFO  NewAndUsedCarSearchPage :40 - Select option from model drop down
2023-05-18 09:05:541 INFO  NewAndUsedCarSearchPage :44 - Select option from location drop down
2023-05-18 09:05:767 INFO  NewAndUsedCarSearchPage :48 - Select option from location drop down
2023-05-18 09:05:05 INFO  NewAndUsedCarSearchPage :52 - Click on find my next car tab
2023-05-18 09:05:983 INFO  HomePage :27 - Mouse hover to buy + sell tab
2023-05-18 09:05:354 INFO  HomePage :31 - click on search cars link
2023-05-18 09:05:498 INFO  NewAndUsedCarSearchPage :36 - Select option from make drop down
2023-05-18 09:05:948 INFO  NewAndUsedCarSearchPage :40 - Select option from model drop down
2023-05-18 09:05:122 INFO  NewAndUsedCarSearchPage :44 - Select option from location drop down
2023-05-18 09:05:313 INFO  NewAndUsedCarSearchPage :48 - Select option from location drop down
2023-05-18 09:05:554 INFO  NewAndUsedCarSearchPage :52 - Click on find my next car tab
2023-05-18 09:05:193 INFO  HomePage :27 - Mouse hover to buy + sell tab
2023-05-18 09:05:452 INFO  HomePage :31 - click on search cars link
2023-05-18 09:05:837 INFO  NewAndUsedCarSearchPage :36 - Select option from make drop down
2023-05-18 09:05:226 INFO  NewAndUsedCarSearchPage :40 - Select option from model drop down
2023-05-18 09:05:391 INFO  NewAndUsedCarSearchPage :44 - Select option from location drop down
2023-05-18 09:05:583 INFO  NewAndUsedCarSearchPage :48 - Select option from location drop down
2023-05-18 09:05:831 INFO  NewAndUsedCarSearchPage :52 - Click on find my next car tab
2023-05-18 09:05:573 INFO  HomePage :27 - Mouse hover to buy + sell tab
2023-05-18 09:05:502 INFO  HomePage :31 - click on search cars link
2023-05-18 09:05:722 INFO  NewAndUsedCarSearchPage :36 - Select option from make drop down
2023-05-18 09:05:982 INFO  NewAndUsedCarSearchPage :40 - Select option from model drop down
2023-05-18 09:05:646 INFO  HomePage :27 - Mouse hover to buy + sell tab
2023-05-18 09:05:640 INFO  HomePage :31 - click on search cars link
2023-05-18 09:05:740 INFO  NewAndUsedCarSearchPage :36 - Select option from make drop down
2023-05-18 09:05:64 INFO  NewAndUsedCarSearchPage :40 - Select option from model drop down
2023-05-18 09:05:186 INFO  NewAndUsedCarSearchPage :44 - Select option from location drop down
2023-05-18 09:05:360 INFO  NewAndUsedCarSearchPage :48 - Select option from location drop down
2023-05-18 09:05:501 INFO  NewAndUsedCarSearchPage :52 - Click on find my next car tab
2023-05-18 09:05:333 INFO  HomePage :27 - Mouse hover to buy + sell tab
2023-05-18 09:05:282 INFO  HomePage :31 - click on search cars link
2023-05-18 09:05:468 INFO  NewAndUsedCarSearchPage :36 - Select option from make drop down
2023-05-18 09:05:105 INFO  NewAndUsedCarSearchPage :40 - Select option from model drop down
2023-05-18 09:05:241 INFO  NewAndUsedCarSearchPage :44 - Select option from location drop down
2023-05-18 09:05:368 INFO  NewAndUsedCarSearchPage :48 - Select option from location drop down
2023-05-18 09:05:481 INFO  NewAndUsedCarSearchPage :52 - Click on find my next car tab
2023-05-18 09:05:08 INFO  HomePage :27 - Mouse hover to buy + sell tab
2023-05-18 09:05:353 INFO  HomePage :31 - click on search cars link
2023-05-18 09:05:592 INFO  NewAndUsedCarSearchPage :36 - Select option from make drop down
2023-05-18 09:05:535 INFO  NewAndUsedCarSearchPage :40 - Select option from model drop down
2023-05-18 09:05:630 INFO  NewAndUsedCarSearchPage :44 - Select option from location drop down
2023-05-18 09:05:735 INFO  NewAndUsedCarSearchPage :48 - Select option from location drop down
2023-05-18 09:05:882 INFO  NewAndUsedCarSearchPage :52 - Click on find my next car tab
2023-05-18 09:05:481 INFO  HomePage :27 - Mouse hover to buy + sell tab
2023-05-18 09:05:857 INFO  HomePage :31 - click on search cars link
2023-05-18 09:05:281 INFO  NewAndUsedCarSearchPage :36 - Select option from make drop down
2023-05-18 09:05:490 INFO  NewAndUsedCarSearchPage :40 - Select option from model drop down
2023-05-18 09:05:623 INFO  NewAndUsedCarSearchPage :44 - Select option from location drop down
2023-05-18 09:05:744 INFO  NewAndUsedCarSearchPage :48 - Select option from location drop down
2023-05-18 09:05:856 INFO  NewAndUsedCarSearchPage :52 - Click on find my next car tab
2023-05-18 09:05:642 INFO  HomePage :27 - Mouse hover to buy + sell tab
2023-05-18 09:05:948 INFO  HomePage :31 - click on search cars link
2023-05-18 09:05:287 INFO  NewAndUsedCarSearchPage :36 - Select option from make drop down
2023-05-18 09:05:658 INFO  NewAndUsedCarSearchPage :40 - Select option from model drop down
2023-05-18 09:05:819 INFO  NewAndUsedCarSearchPage :44 - Select option from location drop down
2023-05-18 09:05:00 INFO  NewAndUsedCarSearchPage :48 - Select option from location drop down
2023-05-18 09:05:268 INFO  NewAndUsedCarSearchPage :52 - Click on find my next car tab
2023-05-18 09:05:151 INFO  HomePage :27 - Mouse hover to buy + sell tab
2023-05-18 09:05:512 INFO  HomePage :31 - click on search cars link
2023-05-18 09:05:966 INFO  NewAndUsedCarSearchPage :36 - Select option from make drop down
2023-05-18 09:05:193 INFO  NewAndUsedCarSearchPage :40 - Select option from model drop down
2023-05-18 09:05:330 INFO  NewAndUsedCarSearchPage :44 - Select option from location drop down
2023-05-18 09:05:440 INFO  NewAndUsedCarSearchPage :48 - Select option from location drop down
2023-05-18 09:05:564 INFO  NewAndUsedCarSearchPage :52 - Click on find my next car tab
2023-05-18 09:05:812 INFO  HomePage :27 - Mouse hover to buy + sell tab
2023-05-18 09:05:203 INFO  HomePage :31 - click on search cars link
2023-05-18 09:05:429 INFO  NewAndUsedCarSearchPage :36 - Select option from make drop down
2023-05-18 09:05:714 INFO  NewAndUsedCarSearchPage :40 - Select option from model drop down
2023-05-18 09:05:865 INFO  NewAndUsedCarSearchPage :44 - Select option from location drop down
2023-05-18 09:05:14 INFO  NewAndUsedCarSearchPage :48 - Select option from location drop down
2023-05-18 09:05:151 INFO  NewAndUsedCarSearchPage :52 - Click on find my next car tab
2023-05-18 09:05:846 INFO  HomePage :27 - Mouse hover to buy + sell tab
2023-05-18 09:05:175 INFO  HomePage :31 - click on search cars link
2023-05-18 09:05:372 INFO  NewAndUsedCarSearchPage :36 - Select option from make drop down
2023-05-18 09:05:265 INFO  NewAndUsedCarSearchPage :40 - Select option from model drop down
2023-05-18 09:05:398 INFO  NewAndUsedCarSearchPage :44 - Select option from location drop down
2023-05-18 09:05:504 INFO  NewAndUsedCarSearchPage :48 - Select option from location drop down
2023-05-18 09:05:625 INFO  NewAndUsedCarSearchPage :52 - Click on find my next car tab
2023-05-18 09:05:129 INFO  HomePage :27 - Mouse hover to buy + sell tab
2023-05-18 09:05:435 INFO  HomePage :31 - click on search cars link
2023-05-18 09:05:521 INFO  NewAndUsedCarSearchPage :36 - Select option from make drop down
2023-05-18 09:05:705 INFO  NewAndUsedCarSearchPage :40 - Select option from model drop down
2023-05-18 09:05:806 INFO  NewAndUsedCarSearchPage :44 - Select option from location drop down
2023-05-18 09:05:950 INFO  NewAndUsedCarSearchPage :48 - Select option from location drop down
2023-05-18 09:05:122 INFO  NewAndUsedCarSearchPage :52 - Click on find my next car tab
2023-05-18 09:05:983 INFO  HomePage :27 - Mouse hover to buy + sell tab
2023-05-18 09:05:720 INFO  HomePage :31 - click on search cars link
2023-05-18 09:05:537 INFO  NewAndUsedCarSearchPage :36 - Select option from make drop down
2023-05-18 09:05:734 INFO  NewAndUsedCarSearchPage :40 - Select option from model drop down
2023-05-18 09:05:825 INFO  NewAndUsedCarSearchPage :44 - Select option from location drop down
2023-05-18 09:05:970 INFO  NewAndUsedCarSearchPage :48 - Select option from location drop down
2023-05-18 09:05:80 INFO  NewAndUsedCarSearchPage :52 - Click on find my next car tab
2023-05-18 10:05:844 INFO  HomePage :30 - Mouse hover to buy + sell tab
2023-05-18 10:05:731 INFO  HomePage :38 - click on find a dealer link
2023-05-18 10:05:659 INFO  HomePage :45 - click on used link
2023-05-18 10:05:483 INFO  HomePage :45 - click on used link
2023-05-18 10:05:63 INFO  NewAndUsedCarSearchPage :36 - Select option from make drop down
2023-05-18 10:05:521 INFO  NewAndUsedCarSearchPage :40 - Select option from model drop down
2023-05-18 10:05:957 INFO  NewAndUsedCarSearchPage :44 - Select option from location drop down
2023-05-18 10:05:162 INFO  NewAndUsedCarSearchPage :48 - Select option from location drop down
2023-05-18 10:05:355 INFO  NewAndUsedCarSearchPage :52 - Click on find my next car tab
2023-05-18 10:05:41 INFO  HomePage :45 - click on used link
2023-05-18 10:05:43 INFO  HomePage :45 - click on used link
2023-05-18 10:05:134 INFO  HomePage :45 - click on used link
2023-05-18 10:05:569 INFO  HomePage :45 - click on used link
2023-05-18 14:05:771 INFO  HomePage :45 - click on used link
2023-05-18 14:05:111 INFO  HomePage :45 - click on used link
2023-05-18 14:05:995 INFO  HomePage :45 - click on used link
2023-05-18 14:05:184 INFO  HomePage :45 - click on used link
2023-05-18 14:05:465 INFO  HomePage :45 - click on used link
2023-05-18 14:05:246 INFO  HomePage :45 - click on used link
2023-05-18 14:05:797 INFO  HomePage :33 - Mouse hover to buy + sell tab
2023-05-18 14:05:758 INFO  HomePage :45 - click on used link
2023-05-18 14:05:485 INFO  NewAndUsedCarSearchPage :36 - Select option from make drop down
2023-05-18 14:05:89 INFO  NewAndUsedCarSearchPage :40 - Select option from model drop down
2023-05-18 14:05:315 INFO  NewAndUsedCarSearchPage :44 - Select option from location drop down
2023-05-18 14:05:557 INFO  NewAndUsedCarSearchPage :48 - Select option from location drop down
2023-05-18 14:05:792 INFO  NewAndUsedCarSearchPage :52 - Click on find my next car tab
2023-05-18 14:05:350 INFO  HomePage :33 - Mouse hover to buy + sell tab
2023-05-18 14:05:405 INFO  HomePage :45 - click on used link
2023-05-18 14:05:982 INFO  NewAndUsedCarSearchPage :36 - Select option from make drop down
2023-05-18 14:05:614 INFO  NewAndUsedCarSearchPage :40 - Select option from model drop down
2023-05-18 14:05:865 INFO  NewAndUsedCarSearchPage :44 - Select option from location drop down
2023-05-18 14:05:78 INFO  NewAndUsedCarSearchPage :48 - Select option from location drop down
2023-05-18 14:05:315 INFO  NewAndUsedCarSearchPage :52 - Click on find my next car tab
2023-05-18 14:05:680 INFO  HomePage :33 - Mouse hover to buy + sell tab
2023-05-18 14:05:825 INFO  HomePage :45 - click on used link
2023-05-18 14:05:44 INFO  NewAndUsedCarSearchPage :36 - Select option from make drop down
2023-05-18 14:05:596 INFO  NewAndUsedCarSearchPage :40 - Select option from model drop down
2023-05-18 14:05:781 INFO  NewAndUsedCarSearchPage :44 - Select option from location drop down
2023-05-18 14:05:990 INFO  NewAndUsedCarSearchPage :48 - Select option from location drop down
2023-05-18 14:05:210 INFO  NewAndUsedCarSearchPage :52 - Click on find my next car tab
2023-05-18 14:05:657 INFO  HomePage :33 - Mouse hover to buy + sell tab
2023-05-18 14:05:963 INFO  HomePage :45 - click on used link
2023-05-18 14:05:119 INFO  NewAndUsedCarSearchPage :36 - Select option from make drop down
2023-05-18 14:05:634 INFO  NewAndUsedCarSearchPage :40 - Select option from model drop down
2023-05-18 14:05:819 INFO  NewAndUsedCarSearchPage :44 - Select option from location drop down
2023-05-18 14:05:24 INFO  NewAndUsedCarSearchPage :48 - Select option from location drop down
2023-05-18 14:05:218 INFO  NewAndUsedCarSearchPage :52 - Click on find my next car tab
2023-05-18 14:05:458 INFO  HomePage :33 - Mouse hover to buy + sell tab
2023-05-18 14:05:158 INFO  HomePage :45 - click on used link
2023-05-18 14:05:768 INFO  NewAndUsedCarSearchPage :36 - Select option from make drop down
2023-05-18 14:05:288 INFO  NewAndUsedCarSearchPage :40 - Select option from model drop down
2023-05-18 14:05:466 INFO  NewAndUsedCarSearchPage :44 - Select option from location drop down
2023-05-18 14:05:668 INFO  NewAndUsedCarSearchPage :48 - Select option from location drop down
2023-05-18 14:05:859 INFO  NewAndUsedCarSearchPage :52 - Click on find my next car tab
2023-05-18 14:05:781 INFO  HomePage :33 - Mouse hover to buy + sell tab
2023-05-18 14:05:899 INFO  HomePage :45 - click on used link
2023-05-18 14:05:199 INFO  NewAndUsedCarSearchPage :36 - Select option from make drop down
2023-05-18 14:05:522 INFO  NewAndUsedCarSearchPage :40 - Select option from model drop down
2023-05-18 14:05:735 INFO  NewAndUsedCarSearchPage :44 - Select option from location drop down
2023-05-18 14:05:934 INFO  NewAndUsedCarSearchPage :48 - Select option from location drop down
2023-05-18 14:05:119 INFO  NewAndUsedCarSearchPage :52 - Click on find my next car tab
2023-05-18 14:05:956 INFO  HomePage :33 - Mouse hover to buy + sell tab
2023-05-18 14:05:833 INFO  HomePage :41 - click on find a dealer link
2023-05-18 15:05:08 INFO  HomePage :33 - Mouse hover to buy + sell tab
2023-05-18 15:05:21 INFO  HomePage :41 - click on find a dealer link
2023-05-18 15:05:110 INFO  HomePage :33 - Mouse hover to buy + sell tab
2023-05-18 15:05:602 INFO  HomePage :41 - click on find a dealer link
2023-05-18 21:05:930 INFO  HomePage :33 - Mouse hover to buy + sell tab
2023-05-18 21:05:787 INFO  HomePage :37 - click on search cars link
2023-05-18 21:05:947 INFO  NewAndUsedCarSearchPage :40 - Select option from make drop down
2023-05-18 21:05:379 INFO  NewAndUsedCarSearchPage :44 - Select option from model drop down
2023-05-18 21:05:579 INFO  NewAndUsedCarSearchPage :48 - Select option from location drop down
2023-05-18 21:05:743 INFO  NewAndUsedCarSearchPage :52 - Select option from location drop down
2023-05-18 21:05:913 INFO  NewAndUsedCarSearchPage :56 - Click on find my next car tab
2023-05-19 09:05:575 INFO  HomePage :33 - Mouse hover to buy + sell tab
2023-05-19 09:05:745 INFO  HomePage :37 - click on search cars link
2023-05-19 09:05:736 INFO  NewAndUsedCarSearchPage :40 - Select option from make drop down
2023-05-19 09:05:166 INFO  NewAndUsedCarSearchPage :44 - Select option from model drop down
2023-05-19 09:05:337 INFO  NewAndUsedCarSearchPage :48 - Select option from location drop down
2023-05-19 09:05:545 INFO  NewAndUsedCarSearchPage :52 - Select option from location drop down
2023-05-19 09:05:776 INFO  NewAndUsedCarSearchPage :56 - Click on find my next car tab
2023-05-19 09:05:991 INFO  HomePage :33 - Mouse hover to buy + sell tab
2023-05-19 09:05:974 INFO  HomePage :37 - click on search cars link
2023-05-19 09:05:713 INFO  NewAndUsedCarSearchPage :40 - Select option from make drop down
2023-05-19 09:05:942 INFO  NewAndUsedCarSearchPage :44 - Select option from model drop down
2023-05-19 09:05:281 INFO  NewAndUsedCarSearchPage :48 - Select option from location drop down
2023-05-19 09:05:405 INFO  NewAndUsedCarSearchPage :52 - Select option from location drop down
2023-05-19 09:05:526 INFO  NewAndUsedCarSearchPage :56 - Click on find my next car tab
2023-05-19 09:05:326 INFO  HomePage :33 - Mouse hover to buy + sell tab
2023-05-19 09:05:613 INFO  HomePage :37 - click on search cars link
2023-05-19 09:05:743 INFO  NewAndUsedCarSearchPage :40 - Select option from make drop down
2023-05-19 09:05:51 INFO  NewAndUsedCarSearchPage :44 - Select option from model drop down
2023-05-19 09:05:821 INFO  NewAndUsedCarSearchPage :48 - Select option from location drop down
2023-05-19 09:05:949 INFO  NewAndUsedCarSearchPage :52 - Select option from location drop down
2023-05-19 09:05:53 INFO  NewAndUsedCarSearchPage :56 - Click on find my next car tab
2023-05-19 09:05:323 INFO  HomePage :33 - Mouse hover to buy + sell tab
2023-05-19 09:05:601 INFO  HomePage :37 - click on search cars link
2023-05-19 09:05:64 INFO  NewAndUsedCarSearchPage :40 - Select option from make drop down
2023-05-19 09:05:383 INFO  NewAndUsedCarSearchPage :44 - Select option from model drop down
2023-05-19 09:05:777 INFO  NewAndUsedCarSearchPage :48 - Select option from location drop down
2023-05-19 09:05:916 INFO  NewAndUsedCarSearchPage :52 - Select option from location drop down
2023-05-19 09:05:82 INFO  NewAndUsedCarSearchPage :56 - Click on find my next car tab
2023-05-19 09:05:749 INFO  HomePage :33 - Mouse hover to buy + sell tab
2023-05-19 09:05:506 INFO  HomePage :37 - click on search cars link
2023-05-19 09:05:785 INFO  NewAndUsedCarSearchPage :40 - Select option from make drop down
2023-05-19 09:05:723 INFO  NewAndUsedCarSearchPage :44 - Select option from model drop down
2023-05-19 09:05:91 INFO  NewAndUsedCarSearchPage :48 - Select option from location drop down
2023-05-19 09:05:213 INFO  NewAndUsedCarSearchPage :52 - Select option from location drop down
2023-05-19 09:05:311 INFO  NewAndUsedCarSearchPage :56 - Click on find my next car tab
2023-05-19 09:05:376 INFO  HomePage :33 - Mouse hover to buy + sell tab
2023-05-19 09:05:207 INFO  HomePage :37 - click on search cars link
2023-05-19 09:05:471 INFO  NewAndUsedCarSearchPage :40 - Select option from make drop down
2023-05-19 09:05:688 INFO  NewAndUsedCarSearchPage :44 - Select option from model drop down
2023-05-19 09:05:849 INFO  NewAndUsedCarSearchPage :48 - Select option from location drop down
2023-05-19 09:05:10 INFO  NewAndUsedCarSearchPage :52 - Select option from location drop down
2023-05-19 09:05:120 INFO  NewAndUsedCarSearchPage :56 - Click on find my next car tab
2023-05-19 10:05:786 INFO  HomePage :33 - Mouse hover to buy + sell tab
2023-05-19 10:05:243 INFO  HomePage :41 - click on find a dealer link
